<?xml version="1.0" encoding="UTF-8"?>
<!-- Generated by org.testng.reporters.JUnitReportReporter -->
<testsuite hostname="selenium33" failures="0" tests="1" name="runner.RerunRunner" time="0.012" errors="0" timestamp="2024-12-24T16:19:48 IST" skipped="0">
  <testcase classname="runner.RerunRunner" name="f" time="0.012"/>
  <system-out/>
</testsuite> <!-- runner.RerunRunner -->
