<?xml version="1.0" encoding="UTF-8"?>
<!-- Generated by org.testng.reporters.JUnitReportReporter -->
<testsuite hostname="selenium33" failures="0" tests="3" name="runner.ParallelRunner" time="29.393" errors="0" timestamp="2024-12-24T16:36:48 IST" skipped="0">
  <testcase classname="runner.ParallelRunner" name="runScenario" time="7.869"/>
  <system-out/>
  <testcase classname="runner.ParallelRunner" name="runScenario" time="9.790"/>
  <system-out/>
  <testcase classname="runner.ParallelRunner" name="runScenario" time="11.734"/>
  <system-out/>
</testsuite> <!-- runner.ParallelRunner -->
