<?xml version="1.0" encoding="UTF-8"?>
<!-- Generated by org.testng.reporters.JUnitReportReporter -->
<testsuite hostname="selenium33" failures="0" tests="1" name="stepDefs.UserLoginStepDef" time="0.025" errors="0" timestamp="2024-12-24T10:54:48 IST" skipped="0">
  <testcase classname="stepDefs.UserLoginStepDef" name="f" time="0.025"/>
</testsuite> <!-- stepDefs.UserLoginStepDef -->
